2020-07-02 03:03:05,038 CRIT Supervisor is running as root.  Privileges were not dropped because no user is specified in the config file.  If you intend to run as root, you can set user=root in the config file to avoid this message.
2020-07-02 03:03:05,039 INFO Included extra file "/etc/supervisor.d/crond.conf" during parsing
2020-07-02 03:03:05,039 INFO Included extra file "/etc/supervisor.d/nginx.conf" during parsing
2020-07-02 03:03:05,039 INFO Included extra file "/etc/supervisor.d/php-fpm.conf" during parsing
2020-07-02 03:03:05,044 INFO RPC interface 'supervisor' initialized
2020-07-02 03:03:05,045 INFO supervisord started with pid 24
2020-07-02 03:03:06,048 INFO spawned: 'php-fpm' with pid 26
2020-07-02 03:03:06,052 INFO spawned: 'nginx' with pid 27
2020-07-02 03:03:06,061 INFO spawned: 'crond' with pid 28
2020-07-02 03:03:07,099 INFO success: php-fpm entered RUNNING state, process has stayed up for > than 1 seconds (startsecs)
2020-07-02 03:03:07,100 INFO success: nginx entered RUNNING state, process has stayed up for > than 1 seconds (startsecs)
2020-07-02 03:03:07,100 INFO success: crond entered RUNNING state, process has stayed up for > than 1 seconds (startsecs)
2020-07-02 03:07:39,575 CRIT Supervisor is running as root.  Privileges were not dropped because no user is specified in the config file.  If you intend to run as root, you can set user=root in the config file to avoid this message.
2020-07-02 03:07:39,576 INFO Included extra file "/etc/supervisor.d/crond.conf" during parsing
2020-07-02 03:07:39,576 INFO Included extra file "/etc/supervisor.d/nginx.conf" during parsing
2020-07-02 03:07:39,577 INFO Included extra file "/etc/supervisor.d/php-fpm.conf" during parsing
2020-07-02 03:07:39,584 INFO RPC interface 'supervisor' initialized
2020-07-02 03:07:39,585 INFO supervisord started with pid 24
2020-07-02 03:07:40,589 INFO spawned: 'php-fpm' with pid 26
2020-07-02 03:07:40,593 INFO spawned: 'nginx' with pid 27
2020-07-02 03:07:40,599 INFO spawned: 'crond' with pid 28
2020-07-02 03:07:41,660 INFO success: php-fpm entered RUNNING state, process has stayed up for > than 1 seconds (startsecs)
2020-07-02 03:07:41,661 INFO success: nginx entered RUNNING state, process has stayed up for > than 1 seconds (startsecs)
2020-07-02 03:07:41,661 INFO success: crond entered RUNNING state, process has stayed up for > than 1 seconds (startsecs)
2020-07-02 03:20:27,913 CRIT Supervisor is running as root.  Privileges were not dropped because no user is specified in the config file.  If you intend to run as root, you can set user=root in the config file to avoid this message.
2020-07-02 03:20:27,915 INFO Included extra file "/etc/supervisor.d/crond.conf" during parsing
2020-07-02 03:20:27,916 INFO Included extra file "/etc/supervisor.d/nginx.conf" during parsing
2020-07-02 03:20:27,916 INFO Included extra file "/etc/supervisor.d/php-fpm.conf" during parsing
2020-07-02 03:20:28,239 INFO RPC interface 'supervisor' initialized
2020-07-02 03:20:28,239 INFO supervisord started with pid 24
2020-07-02 03:20:29,243 INFO spawned: 'php-fpm' with pid 26
2020-07-02 03:20:29,252 INFO spawned: 'nginx' with pid 27
2020-07-02 03:20:29,254 INFO spawned: 'crond' with pid 28
2020-07-02 03:20:30,290 INFO success: php-fpm entered RUNNING state, process has stayed up for > than 1 seconds (startsecs)
2020-07-02 03:20:30,290 INFO success: nginx entered RUNNING state, process has stayed up for > than 1 seconds (startsecs)
2020-07-02 03:20:30,291 INFO success: crond entered RUNNING state, process has stayed up for > than 1 seconds (startsecs)
2020-07-02 12:49:25,557 CRIT Supervisor is running as root.  Privileges were not dropped because no user is specified in the config file.  If you intend to run as root, you can set user=root in the config file to avoid this message.
2020-07-02 12:49:25,558 INFO Included extra file "/etc/supervisor.d/crond.conf" during parsing
2020-07-02 12:49:25,559 INFO Included extra file "/etc/supervisor.d/nginx.conf" during parsing
2020-07-02 12:49:25,559 INFO Included extra file "/etc/supervisor.d/php-fpm.conf" during parsing
2020-07-02 12:49:25,873 INFO RPC interface 'supervisor' initialized
2020-07-02 12:49:25,874 INFO supervisord started with pid 24
2020-07-02 12:49:26,878 INFO spawned: 'php-fpm' with pid 26
2020-07-02 12:49:26,882 INFO spawned: 'nginx' with pid 27
2020-07-02 12:49:26,886 INFO spawned: 'crond' with pid 28
2020-07-02 12:49:27,930 INFO success: php-fpm entered RUNNING state, process has stayed up for > than 1 seconds (startsecs)
2020-07-02 12:49:27,931 INFO success: nginx entered RUNNING state, process has stayed up for > than 1 seconds (startsecs)
2020-07-02 12:49:27,931 INFO success: crond entered RUNNING state, process has stayed up for > than 1 seconds (startsecs)
2020-07-02 13:25:53,728 CRIT Supervisor is running as root.  Privileges were not dropped because no user is specified in the config file.  If you intend to run as root, you can set user=root in the config file to avoid this message.
2020-07-02 13:25:53,729 INFO Included extra file "/etc/supervisor.d/crond.conf" during parsing
2020-07-02 13:25:53,730 INFO Included extra file "/etc/supervisor.d/nginx.conf" during parsing
2020-07-02 13:25:53,731 INFO Included extra file "/etc/supervisor.d/php-fpm.conf" during parsing
2020-07-02 13:25:53,749 INFO RPC interface 'supervisor' initialized
2020-07-02 13:25:53,751 INFO supervisord started with pid 24
2020-07-02 13:25:54,756 INFO spawned: 'php-fpm' with pid 26
2020-07-02 13:25:54,762 INFO spawned: 'nginx' with pid 27
2020-07-02 13:25:54,779 INFO spawned: 'crond' with pid 28
2020-07-02 13:25:55,849 INFO success: php-fpm entered RUNNING state, process has stayed up for > than 1 seconds (startsecs)
2020-07-02 13:25:55,850 INFO success: nginx entered RUNNING state, process has stayed up for > than 1 seconds (startsecs)
2020-07-02 13:25:55,850 INFO success: crond entered RUNNING state, process has stayed up for > than 1 seconds (startsecs)
2020-07-02 13:29:20,720 CRIT Supervisor is running as root.  Privileges were not dropped because no user is specified in the config file.  If you intend to run as root, you can set user=root in the config file to avoid this message.
2020-07-02 13:29:20,722 INFO Included extra file "/etc/supervisor.d/crond.conf" during parsing
2020-07-02 13:29:20,725 INFO Included extra file "/etc/supervisor.d/nginx.conf" during parsing
2020-07-02 13:29:20,726 INFO Included extra file "/etc/supervisor.d/php-fpm.conf" during parsing
2020-07-02 13:29:20,741 INFO RPC interface 'supervisor' initialized
2020-07-02 13:29:20,743 INFO supervisord started with pid 24
2020-07-02 13:29:21,745 INFO spawned: 'php-fpm' with pid 26
2020-07-02 13:29:21,747 INFO spawned: 'nginx' with pid 27
2020-07-02 13:29:21,750 INFO spawned: 'crond' with pid 28
2020-07-02 13:29:22,827 INFO success: php-fpm entered RUNNING state, process has stayed up for > than 1 seconds (startsecs)
2020-07-02 13:29:22,828 INFO success: nginx entered RUNNING state, process has stayed up for > than 1 seconds (startsecs)
2020-07-02 13:29:22,828 INFO success: crond entered RUNNING state, process has stayed up for > than 1 seconds (startsecs)
2020-07-02 13:36:23,303 CRIT Supervisor is running as root.  Privileges were not dropped because no user is specified in the config file.  If you intend to run as root, you can set user=root in the config file to avoid this message.
2020-07-02 13:36:23,305 INFO Included extra file "/etc/supervisor.d/crond.conf" during parsing
2020-07-02 13:36:23,307 INFO Included extra file "/etc/supervisor.d/nginx.conf" during parsing
2020-07-02 13:36:23,308 INFO Included extra file "/etc/supervisor.d/php-fpm.conf" during parsing
2020-07-02 13:36:23,321 INFO RPC interface 'supervisor' initialized
2020-07-02 13:36:23,323 INFO supervisord started with pid 24
2020-07-02 13:36:24,326 INFO spawned: 'php-fpm' with pid 26
2020-07-02 13:36:24,330 INFO spawned: 'nginx' with pid 27
2020-07-02 13:36:24,337 INFO spawned: 'crond' with pid 28
2020-07-02 13:36:25,423 INFO success: php-fpm entered RUNNING state, process has stayed up for > than 1 seconds (startsecs)
2020-07-02 13:36:25,424 INFO success: nginx entered RUNNING state, process has stayed up for > than 1 seconds (startsecs)
2020-07-02 13:36:25,424 INFO success: crond entered RUNNING state, process has stayed up for > than 1 seconds (startsecs)
2020-07-02 13:40:46,325 CRIT Supervisor is running as root.  Privileges were not dropped because no user is specified in the config file.  If you intend to run as root, you can set user=root in the config file to avoid this message.
2020-07-02 13:40:46,326 INFO Included extra file "/etc/supervisor.d/crond.conf" during parsing
2020-07-02 13:40:46,328 INFO Included extra file "/etc/supervisor.d/nginx.conf" during parsing
2020-07-02 13:40:46,329 INFO Included extra file "/etc/supervisor.d/php-fpm.conf" during parsing
2020-07-02 13:40:46,336 INFO RPC interface 'supervisor' initialized
2020-07-02 13:40:46,340 INFO supervisord started with pid 24
2020-07-02 13:40:47,345 INFO spawned: 'php-fpm' with pid 26
2020-07-02 13:40:47,354 INFO spawned: 'nginx' with pid 27
2020-07-02 13:40:47,358 INFO spawned: 'crond' with pid 28
2020-07-02 13:40:48,408 INFO success: php-fpm entered RUNNING state, process has stayed up for > than 1 seconds (startsecs)
2020-07-02 13:40:48,409 INFO success: nginx entered RUNNING state, process has stayed up for > than 1 seconds (startsecs)
2020-07-02 13:40:48,409 INFO success: crond entered RUNNING state, process has stayed up for > than 1 seconds (startsecs)
2020-07-02 15:07:27,683 CRIT Supervisor is running as root.  Privileges were not dropped because no user is specified in the config file.  If you intend to run as root, you can set user=root in the config file to avoid this message.
2020-07-02 15:07:27,684 INFO Included extra file "/etc/supervisor.d/crond.conf" during parsing
2020-07-02 15:07:27,684 INFO Included extra file "/etc/supervisor.d/nginx.conf" during parsing
2020-07-02 15:07:27,684 INFO Included extra file "/etc/supervisor.d/php-fpm.conf" during parsing
2020-07-02 15:07:27,698 INFO RPC interface 'supervisor' initialized
2020-07-02 15:07:27,699 INFO supervisord started with pid 25
2020-07-02 15:07:28,703 INFO spawned: 'php-fpm' with pid 27
2020-07-02 15:07:28,707 INFO spawned: 'nginx' with pid 28
2020-07-02 15:07:28,711 INFO spawned: 'crond' with pid 29
2020-07-02 15:07:29,788 INFO success: php-fpm entered RUNNING state, process has stayed up for > than 1 seconds (startsecs)
2020-07-02 15:07:29,788 INFO success: nginx entered RUNNING state, process has stayed up for > than 1 seconds (startsecs)
2020-07-02 15:07:29,788 INFO success: crond entered RUNNING state, process has stayed up for > than 1 seconds (startsecs)
2020-07-02 15:09:46,571 CRIT Supervisor is running as root.  Privileges were not dropped because no user is specified in the config file.  If you intend to run as root, you can set user=root in the config file to avoid this message.
2020-07-02 15:09:46,572 INFO Included extra file "/etc/supervisor.d/crond.conf" during parsing
2020-07-02 15:09:46,572 INFO Included extra file "/etc/supervisor.d/nginx.conf" during parsing
2020-07-02 15:09:46,572 INFO Included extra file "/etc/supervisor.d/php-fpm.conf" during parsing
2020-07-02 15:09:46,581 INFO RPC interface 'supervisor' initialized
2020-07-02 15:09:46,582 INFO supervisord started with pid 25
2020-07-02 15:09:47,584 INFO spawned: 'php-fpm' with pid 27
2020-07-02 15:09:47,586 INFO spawned: 'nginx' with pid 28
2020-07-02 15:09:47,601 INFO spawned: 'crond' with pid 29
2020-07-02 15:09:48,662 INFO success: php-fpm entered RUNNING state, process has stayed up for > than 1 seconds (startsecs)
2020-07-02 15:09:48,662 INFO success: nginx entered RUNNING state, process has stayed up for > than 1 seconds (startsecs)
2020-07-02 15:09:48,662 INFO success: crond entered RUNNING state, process has stayed up for > than 1 seconds (startsecs)
2020-07-07 13:25:28,880 CRIT Supervisor is running as root.  Privileges were not dropped because no user is specified in the config file.  If you intend to run as root, you can set user=root in the config file to avoid this message.
2020-07-07 13:25:28,884 INFO Included extra file "/etc/supervisor.d/crond.conf" during parsing
2020-07-07 13:25:28,884 INFO Included extra file "/etc/supervisor.d/nginx.conf" during parsing
2020-07-07 13:25:28,884 INFO Included extra file "/etc/supervisor.d/php-fpm.conf" during parsing
2020-07-07 13:25:29,216 INFO RPC interface 'supervisor' initialized
2020-07-07 13:25:29,222 INFO supervisord started with pid 25
2020-07-07 13:25:30,231 INFO spawned: 'php-fpm' with pid 27
2020-07-07 13:25:30,234 INFO spawned: 'nginx' with pid 28
2020-07-07 13:25:30,256 INFO spawned: 'crond' with pid 29
2020-07-07 13:25:31,349 INFO success: php-fpm entered RUNNING state, process has stayed up for > than 1 seconds (startsecs)
2020-07-07 13:25:31,350 INFO success: nginx entered RUNNING state, process has stayed up for > than 1 seconds (startsecs)
2020-07-07 13:25:31,350 INFO success: crond entered RUNNING state, process has stayed up for > than 1 seconds (startsecs)
2020-07-12 21:41:08,370 CRIT Supervisor is running as root.  Privileges were not dropped because no user is specified in the config file.  If you intend to run as root, you can set user=root in the config file to avoid this message.
2020-07-12 21:41:08,371 INFO Included extra file "/etc/supervisor.d/crond.conf" during parsing
2020-07-12 21:41:08,371 INFO Included extra file "/etc/supervisor.d/nginx.conf" during parsing
2020-07-12 21:41:08,371 INFO Included extra file "/etc/supervisor.d/php-fpm.conf" during parsing
2020-07-12 21:41:08,685 INFO RPC interface 'supervisor' initialized
2020-07-12 21:41:08,686 INFO supervisord started with pid 25
2020-07-12 21:41:09,690 INFO spawned: 'php-fpm' with pid 27
2020-07-12 21:41:09,698 INFO spawned: 'nginx' with pid 28
2020-07-12 21:41:09,700 INFO spawned: 'crond' with pid 29
2020-07-12 21:41:10,752 INFO success: php-fpm entered RUNNING state, process has stayed up for > than 1 seconds (startsecs)
2020-07-12 21:41:10,752 INFO success: nginx entered RUNNING state, process has stayed up for > than 1 seconds (startsecs)
2020-07-12 21:41:10,752 INFO success: crond entered RUNNING state, process has stayed up for > than 1 seconds (startsecs)
2020-07-12 22:39:11,362 CRIT Supervisor is running as root.  Privileges were not dropped because no user is specified in the config file.  If you intend to run as root, you can set user=root in the config file to avoid this message.
2020-07-12 22:39:11,363 INFO Included extra file "/etc/supervisor.d/crond.conf" during parsing
2020-07-12 22:39:11,364 INFO Included extra file "/etc/supervisor.d/nginx.conf" during parsing
2020-07-12 22:39:11,364 INFO Included extra file "/etc/supervisor.d/php-fpm.conf" during parsing
2020-07-12 22:39:11,373 INFO RPC interface 'supervisor' initialized
2020-07-12 22:39:11,375 INFO supervisord started with pid 25
2020-07-12 22:39:12,380 INFO spawned: 'php-fpm' with pid 27
2020-07-12 22:39:12,387 INFO spawned: 'nginx' with pid 28
2020-07-12 22:39:12,389 INFO spawned: 'crond' with pid 29
2020-07-12 22:39:13,452 INFO success: php-fpm entered RUNNING state, process has stayed up for > than 1 seconds (startsecs)
2020-07-12 22:39:13,452 INFO success: nginx entered RUNNING state, process has stayed up for > than 1 seconds (startsecs)
2020-07-12 22:39:13,452 INFO success: crond entered RUNNING state, process has stayed up for > than 1 seconds (startsecs)
2020-07-13 12:19:13,772 CRIT Supervisor is running as root.  Privileges were not dropped because no user is specified in the config file.  If you intend to run as root, you can set user=root in the config file to avoid this message.
2020-07-13 12:19:13,773 INFO Included extra file "/etc/supervisor.d/crond.conf" during parsing
2020-07-13 12:19:13,774 INFO Included extra file "/etc/supervisor.d/nginx.conf" during parsing
2020-07-13 12:19:13,774 INFO Included extra file "/etc/supervisor.d/php-fpm.conf" during parsing
2020-07-13 12:19:13,779 INFO RPC interface 'supervisor' initialized
2020-07-13 12:19:13,781 INFO supervisord started with pid 24
2020-07-13 12:19:14,785 INFO spawned: 'php-fpm' with pid 26
2020-07-13 12:19:14,789 INFO spawned: 'nginx' with pid 27
2020-07-13 12:19:14,795 INFO spawned: 'crond' with pid 28
2020-07-13 12:19:15,855 INFO success: php-fpm entered RUNNING state, process has stayed up for > than 1 seconds (startsecs)
2020-07-13 12:19:15,857 INFO success: nginx entered RUNNING state, process has stayed up for > than 1 seconds (startsecs)
2020-07-13 12:19:15,858 INFO success: crond entered RUNNING state, process has stayed up for > than 1 seconds (startsecs)
2020-07-13 12:24:21,892 CRIT Supervisor is running as root.  Privileges were not dropped because no user is specified in the config file.  If you intend to run as root, you can set user=root in the config file to avoid this message.
2020-07-13 12:24:21,895 INFO Included extra file "/etc/supervisor.d/crond.conf" during parsing
2020-07-13 12:24:21,897 INFO Included extra file "/etc/supervisor.d/nginx.conf" during parsing
2020-07-13 12:24:21,897 INFO Included extra file "/etc/supervisor.d/php-fpm.conf" during parsing
2020-07-13 12:24:21,910 INFO RPC interface 'supervisor' initialized
2020-07-13 12:24:21,911 INFO supervisord started with pid 24
2020-07-13 12:24:22,915 INFO spawned: 'php-fpm' with pid 26
2020-07-13 12:24:22,916 INFO spawned: 'nginx' with pid 27
2020-07-13 12:24:22,924 INFO spawned: 'crond' with pid 28
2020-07-13 12:24:24,001 INFO success: php-fpm entered RUNNING state, process has stayed up for > than 1 seconds (startsecs)
2020-07-13 12:24:24,001 INFO success: nginx entered RUNNING state, process has stayed up for > than 1 seconds (startsecs)
2020-07-13 12:24:24,001 INFO success: crond entered RUNNING state, process has stayed up for > than 1 seconds (startsecs)
